<?xml version="1.0" encoding="UTF-8"?>
<!-- Generated by org.testng.reporters.JUnitReportReporter -->
<testsuite skipped="0" hostname="MH100031835" name="FlightBookingTest" tests="1" failures="0" timestamp="04 Apr 2019 11:54:44 GMT" time="27.654" errors="0">
  <testcase name="testThatResultsAppearForAOneWayJourney" time="27.654" classname="FlightBookingTest"/>
</testsuite> <!-- FlightBookingTest -->
