<?xml version="1.0" encoding="UTF-8"?>
<!-- Generated by org.testng.reporters.JUnitReportReporter -->
<testsuite skipped="0" hostname="MH100031835" name="SignInTest" tests="1" failures="0" timestamp="04 Apr 2019 12:01:02 GMT" time="22.593" errors="0">
  <testcase name="shouldThrowAnErrorIfSignInDetailsAreMissing" time="22.593" classname="SignInTest"/>
</testsuite> <!-- SignInTest -->
