<?xml version="1.0" encoding="UTF-8"?>
<!-- Generated by org.testng.reporters.JUnitReportReporter -->
<testsuite skipped="0" hostname="MH100031835" name="HotelBookingTest" tests="1" failures="0" timestamp="04 Apr 2019 12:00:25 GMT" time="22.700" errors="0">
  <testcase name="shouldBeAbleToSearchForHotels" time="22.700" classname="HotelBookingTest"/>
</testsuite> <!-- HotelBookingTest -->
